<?xml version="1.0" encoding="utf-8"?><testsuites name="pytest tests"><testsuite name="pytest" errors="0" failures="0" skipped="0" tests="9" time="1.160" timestamp="2026-04-25T14:26:47.692137+00:00" hostname="agent-env-22e38f9e-8cef-41da-b56a-905959258451"><testcase classname="backend.tests.test_api" name="test_root_status" time="0.282" /><testcase classname="backend.tests.test_api.TestLeads" name="test_create_lead_success_persists" time="0.351" /><testcase classname="backend.tests.test_api.TestLeads" name="test_create_lead_missing_fields" time="0.052" /><testcase classname="backend.tests.test_api.TestLeads" name="test_create_lead_invalid_email" time="0.051" /><testcase classname="backend.tests.test_api.TestLeads" name="test_list_leads_no_objectid_and_sorted" time="0.051" /><testcase classname="backend.tests.test_api.TestWaitlist" name="test_create_waitlist_success" time="0.075" /><testcase classname="backend.tests.test_api.TestWaitlist" name="test_create_waitlist_no_company" time="0.056" /><testcase classname="backend.tests.test_api.TestWaitlist" name="test_create_waitlist_invalid_email" time="0.046" /><testcase classname="backend.tests.test_api.TestWaitlist" name="test_create_waitlist_missing_email" time="0.046" /></testsuite></testsuites>